==11673== Memcheck, a memory error detector
==11673== Copyright (C) 2002-2017, and GNU GPL'd, by Julian Seward et al.
==11673== Using Valgrind-3.18.1-42b08ed5bd-20211015 and LibVEX; rerun with -h for copyright info
==11673== Command: ./binary/test_tree
==11673== Parent PID: 3059
==11673== 
--11673-- 
--11673-- Valgrind options:
--11673--    --leak-check=full
--11673--    -v
--11673--    --track-origins=yes
--11673--    --log-file=vg_logfile.out
--11673-- Contents of /proc/version:
--11673--   Linux version 5.15.0-48-generic (buildd@lcy02-amd64-080) (gcc (Ubuntu 11.2.0-19ubuntu1) 11.2.0, GNU ld (GNU Binutils for Ubuntu) 2.38) #54-Ubuntu SMP Fri Aug 26 13:26:29 UTC 2022
--11673-- 
--11673-- Arch and hwcaps: AMD64, LittleEndian, amd64-cx16-lzcnt-rdtscp-sse3-ssse3-avx-avx2-bmi-f16c-rdrand-rdseed
--11673-- Page sizes: currently 4096, max supported 4096
--11673-- Valgrind library directory: /usr/libexec/valgrind
--11673-- Reading syms from /home/rodrigo/Documents/Projeto1/projeto1/binary/test_tree
--11673-- Reading syms from /usr/lib/x86_64-linux-gnu/ld-linux-x86-64.so.2
--11673--   Considering /usr/lib/debug/.build-id/61/ef896a699bb1c2e4e231642b2e1688b2f1a61e.debug ..
--11673--   .. build-id is valid
--11673-- Reading syms from /usr/libexec/valgrind/memcheck-amd64-linux
--11673--    object doesn't have a symbol table
--11673--    object doesn't have a dynamic symbol table
--11673-- Scheduler: using generic scheduler lock implementation.
--11673-- Reading suppressions file: /usr/libexec/valgrind/default.supp
==11673== embedded gdbserver: reading from /tmp/vgdb-pipe-from-vgdb-to-11673-by-rodrigo-on-???
==11673== embedded gdbserver: writing to   /tmp/vgdb-pipe-to-vgdb-from-11673-by-rodrigo-on-???
==11673== embedded gdbserver: shared mem   /tmp/vgdb-pipe-shared-mem-vgdb-11673-by-rodrigo-on-???
==11673== 
==11673== TO CONTROL THIS PROCESS USING vgdb (which you probably
==11673== don't want to do, unless you know exactly what you're doing,
==11673== or are doing some strange experiment):
==11673==   /usr/bin/vgdb --pid=11673 ...command...
==11673== 
==11673== TO DEBUG THIS PROCESS USING GDB: start GDB like this
==11673==   /path/to/gdb ./binary/test_tree
==11673== and then give GDB the following command
==11673==   target remote | /usr/bin/vgdb --pid=11673
==11673== --pid is optional if only one valgrind process is running
==11673== 
--11673-- REDIR: 0x402aa60 (ld-linux-x86-64.so.2:strlen) redirected to 0x580bcec2 (???)
--11673-- REDIR: 0x402a830 (ld-linux-x86-64.so.2:index) redirected to 0x580bcedc (???)
--11673-- Reading syms from /usr/libexec/valgrind/vgpreload_core-amd64-linux.so
--11673--    object doesn't have a symbol table
--11673-- Reading syms from /usr/libexec/valgrind/vgpreload_memcheck-amd64-linux.so
--11673--    object doesn't have a symbol table
==11673== WARNING: new redirection conflicts with existing -- ignoring it
--11673--     old: 0x0402aa60 (strlen              ) R-> (0000.0) 0x580bcec2 ???
--11673--     new: 0x0402aa60 (strlen              ) R-> (2007.0) 0x0484ee30 strlen
--11673-- REDIR: 0x4027240 (ld-linux-x86-64.so.2:strcmp) redirected to 0x484fcd0 (strcmp)
--11673-- REDIR: 0x402afc0 (ld-linux-x86-64.so.2:mempcpy) redirected to 0x4853840 (mempcpy)
--11673-- Reading syms from /usr/lib/x86_64-linux-gnu/libc.so.6
--11673--   Considering /usr/lib/debug/.build-id/69/389d485a9793dbe873f0ea2c93e02efaa9aa3d.debug ..
--11673--   .. build-id is valid
==11673== WARNING: new redirection conflicts with existing -- ignoring it
--11673--     old: 0x0490fce0 (memalign            ) R-> (1011.0) 0x0484e080 memalign
--11673--     new: 0x0490fce0 (memalign            ) R-> (1017.0) 0x0484e050 aligned_alloc
==11673== WARNING: new redirection conflicts with existing -- ignoring it
--11673--     old: 0x0490fce0 (memalign            ) R-> (1011.0) 0x0484e080 memalign
--11673--     new: 0x0490fce0 (memalign            ) R-> (1017.0) 0x0484e020 aligned_alloc
==11673== WARNING: new redirection conflicts with existing -- ignoring it
--11673--     old: 0x0490fce0 (memalign            ) R-> (1011.0) 0x0484e080 memalign
--11673--     new: 0x0490fce0 (memalign            ) R-> (1017.0) 0x0484e050 aligned_alloc
==11673== WARNING: new redirection conflicts with existing -- ignoring it
--11673--     old: 0x0490fce0 (memalign            ) R-> (1011.0) 0x0484e080 memalign
--11673--     new: 0x0490fce0 (memalign            ) R-> (1017.0) 0x0484e020 aligned_alloc
--11673-- REDIR: 0x49127a0 (libc.so.6:strnlen) redirected to 0x483f220 (_vgnU_ifunc_wrapper)
--11673-- REDIR: 0x4912a60 (libc.so.6:strpbrk) redirected to 0x483f220 (_vgnU_ifunc_wrapper)
--11673-- REDIR: 0x4912360 (libc.so.6:strcmp) redirected to 0x483f220 (_vgnU_ifunc_wrapper)
--11673-- REDIR: 0x4930d50 (libc.so.6:wcsnlen) redirected to 0x483f220 (_vgnU_ifunc_wrapper)
--11673-- REDIR: 0x4913750 (libc.so.6:memset) redirected to 0x483f220 (_vgnU_ifunc_wrapper)
--11673-- REDIR: 0x492f5c0 (libc.so.6:wcslen) redirected to 0x483f220 (_vgnU_ifunc_wrapper)
--11673-- REDIR: 0x4913c90 (libc.so.6:memcpy@@GLIBC_2.14) redirected to 0x483f220 (_vgnU_ifunc_wrapper)
--11673-- REDIR: 0x492f3f0 (libc.so.6:wcschr) redirected to 0x483f220 (_vgnU_ifunc_wrapper)
--11673-- REDIR: 0x49122e0 (libc.so.6:index) redirected to 0x483f220 (_vgnU_ifunc_wrapper)
--11673-- REDIR: 0x49129e0 (libc.so.6:rindex) redirected to 0x483f220 (_vgnU_ifunc_wrapper)
--11673-- REDIR: 0x4913620 (libc.so.6:memmove) redirected to 0x483f220 (_vgnU_ifunc_wrapper)
==11673== Preferring higher priority redirection:
--11673--     old: 0x04a0a940 (__memcpy_avx_unalign) R-> (2018.0) 0x04850f90 __memcpy_avx_unaligned_erms
--11673--     new: 0x04a0a940 (__memcpy_avx_unalign) R-> (2018.1) 0x04852880 memmove
--11673-- REDIR: 0x492f470 (libc.so.6:wcscmp) redirected to 0x483f220 (_vgnU_ifunc_wrapper)
--11673-- REDIR: 0x4913a60 (libc.so.6:stpncpy) redirected to 0x483f220 (_vgnU_ifunc_wrapper)
--11673-- REDIR: 0x492fa30 (libc.so.6:wmemchr) redirected to 0x483f220 (_vgnU_ifunc_wrapper)
--11673-- REDIR: 0x49128b0 (libc.so.6:strncmp) redirected to 0x483f220 (_vgnU_ifunc_wrapper)
--11673-- REDIR: 0x4913af0 (libc.so.6:strcasecmp) redirected to 0x483f220 (_vgnU_ifunc_wrapper)
--11673-- REDIR: 0x49124a0 (libc.so.6:strcspn) redirected to 0x483f220 (_vgnU_ifunc_wrapper)
--11673-- REDIR: 0x492f4f0 (libc.so.6:wcscpy) redirected to 0x483f220 (_vgnU_ifunc_wrapper)
--11673-- REDIR: 0x4912250 (libc.so.6:strcat) redirected to 0x483f220 (_vgnU_ifunc_wrapper)
--11673-- REDIR: 0x4913be0 (libc.so.6:strncasecmp_l) redirected to 0x483f220 (_vgnU_ifunc_wrapper)
--11673-- REDIR: 0x4913500 (libc.so.6:bcmp) redirected to 0x483f220 (_vgnU_ifunc_wrapper)
--11673-- REDIR: 0x491b5f0 (libc.so.6:memrchr) redirected to 0x483f220 (_vgnU_ifunc_wrapper)
--11673-- REDIR: 0x4915090 (libc.so.6:strchrnul) redirected to 0x483f220 (_vgnU_ifunc_wrapper)
--11673-- REDIR: 0x4912410 (libc.so.6:strcpy) redirected to 0x483f220 (_vgnU_ifunc_wrapper)
--11673-- REDIR: 0x4913b90 (libc.so.6:strcasecmp_l) redirected to 0x483f220 (_vgnU_ifunc_wrapper)
--11673-- REDIR: 0x4912720 (libc.so.6:strlen) redirected to 0x483f220 (_vgnU_ifunc_wrapper)
--11673-- REDIR: 0x4912950 (libc.so.6:strncpy) redirected to 0x483f220 (_vgnU_ifunc_wrapper)
--11673-- REDIR: 0x49139d0 (libc.so.6:stpcpy) redirected to 0x483f220 (_vgnU_ifunc_wrapper)
--11673-- REDIR: 0x4913470 (libc.so.6:memchr) redirected to 0x483f220 (_vgnU_ifunc_wrapper)
--11673-- REDIR: 0x4912b80 (libc.so.6:strspn) redirected to 0x483f220 (_vgnU_ifunc_wrapper)
--11673-- REDIR: 0x4913850 (libc.so.6:mempcpy) redirected to 0x483f220 (_vgnU_ifunc_wrapper)
--11673-- REDIR: 0x4913b40 (libc.so.6:strncasecmp) redirected to 0x483f220 (_vgnU_ifunc_wrapper)
--11673-- REDIR: 0x4915000 (libc.so.6:rawmemchr) redirected to 0x483f220 (_vgnU_ifunc_wrapper)
--11673-- REDIR: 0x4a07790 (libc.so.6:__strrchr_avx2) redirected to 0x484e810 (rindex)
--11673-- REDIR: 0x4a07960 (libc.so.6:__strlen_avx2) redirected to 0x484ed10 (strlen)
--11673-- REDIR: 0x490f120 (libc.so.6:malloc) redirected to 0x4848820 (malloc)
--11673-- REDIR: 0x49105a0 (libc.so.6:calloc) redirected to 0x484d9d0 (calloc)
--11673-- REDIR: 0x490f460 (libc.so.6:free) redirected to 0x484b210 (free)
--11673-- REDIR: 0x4a07580 (libc.so.6:__strchrnul_avx2) redirected to 0x4853330 (strchrnul)
--11673-- REDIR: 0x4a0a900 (libc.so.6:__mempcpy_avx_unaligned_erms) redirected to 0x4853440 (mempcpy)
--11673-- REDIR: 0x4a0a940 (libc.so.6:__memcpy_avx_unaligned_erms) redirected to 0x4852880 (memmove)
==11673== Invalid read of size 8
==11673==    at 0x4852947: memmove (in /usr/libexec/valgrind/vgpreload_memcheck-amd64-linux.so)
==11673==    by 0x109345: data_dup (data.c:50)
==11673==    by 0x109667: tree_put (in /home/rodrigo/Documents/Projeto1/projeto1/binary/test_tree)
==11673==    by 0x10A261: testPutInexistente (test_tree.c:38)
==11673==    by 0x10AEBF: main (test_tree.c:270)
==11673==  Address 0x4a955a0 is 6 bytes after a block of size 10 alloc'd
==11673==    at 0x4848899: malloc (in /usr/libexec/valgrind/vgpreload_memcheck-amd64-linux.so)
==11673==    by 0x491260E: strdup (strdup.c:42)
==11673==    by 0x10A1F6: testPutInexistente (test_tree.c:36)
==11673==    by 0x10AEBF: main (test_tree.c:270)
==11673== 
==11673== Invalid read of size 8
==11673==    at 0x485294F: memmove (in /usr/libexec/valgrind/vgpreload_memcheck-amd64-linux.so)
==11673==    by 0x109345: data_dup (data.c:50)
==11673==    by 0x109667: tree_put (in /home/rodrigo/Documents/Projeto1/projeto1/binary/test_tree)
==11673==    by 0x10A261: testPutInexistente (test_tree.c:38)
==11673==    by 0x10AEBF: main (test_tree.c:270)
==11673==  Address 0x4a955a8 is 14 bytes after a block of size 10 alloc'd
==11673==    at 0x4848899: malloc (in /usr/libexec/valgrind/vgpreload_memcheck-amd64-linux.so)
==11673==    by 0x491260E: strdup (strdup.c:42)
==11673==    by 0x10A1F6: testPutInexistente (test_tree.c:36)
==11673==    by 0x10AEBF: main (test_tree.c:270)
==11673== 
==11673== Invalid read of size 8
==11673==    at 0x4852934: memmove (in /usr/libexec/valgrind/vgpreload_memcheck-amd64-linux.so)
==11673==    by 0x109345: data_dup (data.c:50)
==11673==    by 0x109667: tree_put (in /home/rodrigo/Documents/Projeto1/projeto1/binary/test_tree)
==11673==    by 0x10A261: testPutInexistente (test_tree.c:38)
==11673==    by 0x10AEBF: main (test_tree.c:270)
==11673==  Address 0x4a955b0 is 22 bytes after a block of size 10 alloc'd
==11673==    at 0x4848899: malloc (in /usr/libexec/valgrind/vgpreload_memcheck-amd64-linux.so)
==11673==    by 0x491260E: strdup (strdup.c:42)
==11673==    by 0x10A1F6: testPutInexistente (test_tree.c:36)
==11673==    by 0x10AEBF: main (test_tree.c:270)
==11673== 
==11673== Invalid read of size 8
==11673==    at 0x485293F: memmove (in /usr/libexec/valgrind/vgpreload_memcheck-amd64-linux.so)
==11673==    by 0x109345: data_dup (data.c:50)
==11673==    by 0x109667: tree_put (in /home/rodrigo/Documents/Projeto1/projeto1/binary/test_tree)
==11673==    by 0x10A261: testPutInexistente (test_tree.c:38)
==11673==    by 0x10AEBF: main (test_tree.c:270)
==11673==  Address 0x4a955b8 is 24 bytes after a block of size 16 in arena "client"
==11673== 
==11673== Invalid read of size 8
==11673==    at 0x485298D: memmove (in /usr/libexec/valgrind/vgpreload_memcheck-amd64-linux.so)
==11673==    by 0x109345: data_dup (data.c:50)
==11673==    by 0x109667: tree_put (in /home/rodrigo/Documents/Projeto1/projeto1/binary/test_tree)
==11673==    by 0x10A261: testPutInexistente (test_tree.c:38)
==11673==    by 0x10AEBF: main (test_tree.c:270)
==11673==  Address 0x4a955d0 is 16 bytes before a block of size 16 alloc'd
==11673==    at 0x4848899: malloc (in /usr/libexec/valgrind/vgpreload_memcheck-amd64-linux.so)
==11673==    by 0x10926E: data_create2 (data.c:26)
==11673==    by 0x10A21E: testPutInexistente (test_tree.c:36)
==11673==    by 0x10AEBF: main (test_tree.c:270)
==11673== 
--11673-- REDIR: 0x4a02ac0 (libc.so.6:__strcmp_avx2) redirected to 0x484fbd0 (strcmp)
==11673== Invalid read of size 8
==11673==    at 0x10953C: entry_compare (entry.c:58)
==11673==    by 0x1097C5: tree_get (in /home/rodrigo/Documents/Projeto1/projeto1/binary/test_tree)
==11673==    by 0x10A2D3: testPutInexistente (test_tree.c:50)
==11673==    by 0x10AEBF: main (test_tree.c:270)
==11673==  Address 0x0 is not stack'd, malloc'd or (recently) free'd
==11673== 
==11673== 
==11673== Process terminating with default action of signal 11 (SIGSEGV)
==11673==  Access not within mapped region at address 0x0
==11673==    at 0x10953C: entry_compare (entry.c:58)
==11673==    by 0x1097C5: tree_get (in /home/rodrigo/Documents/Projeto1/projeto1/binary/test_tree)
==11673==    by 0x10A2D3: testPutInexistente (test_tree.c:50)
==11673==    by 0x10AEBF: main (test_tree.c:270)
==11673==  If you believe this happened as a result of a stack
==11673==  overflow in your program's main thread (unlikely but
==11673==  possible), you can try to increase the size of the
==11673==  main thread stack using the --main-stacksize= flag.
==11673==  The main thread stack size used in this run was 8388608.
==11673== 
==11673== HEAP SUMMARY:
==11673==     in use at exit: 213,166 bytes in 8,194 blocks
==11673==   total heap usage: 8,195 allocs, 1 frees, 213,190 bytes allocated
==11673== 
==11673== Searching for pointers to 8,194 not-freed blocks
==11673== Checked 286,640 bytes
==11673== 
==11673== 10 bytes in 1 blocks are definitely lost in loss record 1 of 12
==11673==    at 0x4848899: malloc (in /usr/libexec/valgrind/vgpreload_memcheck-amd64-linux.so)
==11673==    by 0x491260E: strdup (strdup.c:42)
==11673==    by 0x10979B: tree_get (in /home/rodrigo/Documents/Projeto1/projeto1/binary/test_tree)
==11673==    by 0x10A2D3: testPutInexistente (test_tree.c:50)
==11673==    by 0x10AEBF: main (test_tree.c:270)
==11673== 
==11673== LEAK SUMMARY:
==11673==    definitely lost: 10 bytes in 1 blocks
==11673==    indirectly lost: 0 bytes in 0 blocks
==11673==      possibly lost: 0 bytes in 0 blocks
==11673==    still reachable: 213,156 bytes in 8,193 blocks
==11673==         suppressed: 0 bytes in 0 blocks
==11673== Reachable blocks (those to which a pointer was found) are not shown.
==11673== To see them, rerun with: --leak-check=full --show-leak-kinds=all
==11673== 
==11673== ERROR SUMMARY: 8218 errors from 7 contexts (suppressed: 0 from 0)
==11673== 
==11673== 1 errors in context 1 of 7:
==11673== Invalid read of size 8
==11673==    at 0x10953C: entry_compare (entry.c:58)
==11673==    by 0x1097C5: tree_get (in /home/rodrigo/Documents/Projeto1/projeto1/binary/test_tree)
==11673==    by 0x10A2D3: testPutInexistente (test_tree.c:50)
==11673==    by 0x10AEBF: main (test_tree.c:270)
==11673==  Address 0x0 is not stack'd, malloc'd or (recently) free'd
==11673== 
==11673== 
==11673== 224 errors in context 2 of 7:
==11673== Invalid read of size 8
==11673==    at 0x485298D: memmove (in /usr/libexec/valgrind/vgpreload_memcheck-amd64-linux.so)
==11673==    by 0x109345: data_dup (data.c:50)
==11673==    by 0x109667: tree_put (in /home/rodrigo/Documents/Projeto1/projeto1/binary/test_tree)
==11673==    by 0x10A261: testPutInexistente (test_tree.c:38)
==11673==    by 0x10AEBF: main (test_tree.c:270)
==11673==  Address 0x4a955d0 is 16 bytes before a block of size 16 alloc'd
==11673==    at 0x4848899: malloc (in /usr/libexec/valgrind/vgpreload_memcheck-amd64-linux.so)
==11673==    by 0x10926E: data_create2 (data.c:26)
==11673==    by 0x10A21E: testPutInexistente (test_tree.c:36)
==11673==    by 0x10AEBF: main (test_tree.c:270)
==11673== 
==11673== 
==11673== 1948 errors in context 3 of 7:
==11673== Invalid read of size 8
==11673==    at 0x485293F: memmove (in /usr/libexec/valgrind/vgpreload_memcheck-amd64-linux.so)
==11673==    by 0x109345: data_dup (data.c:50)
==11673==    by 0x109667: tree_put (in /home/rodrigo/Documents/Projeto1/projeto1/binary/test_tree)
==11673==    by 0x10A261: testPutInexistente (test_tree.c:38)
==11673==    by 0x10AEBF: main (test_tree.c:270)
==11673==  Address 0x4a955b8 is 24 bytes after a block of size 16 in arena "client"
==11673== 
==11673== 
==11673== 1948 errors in context 4 of 7:
==11673== Invalid read of size 8
==11673==    at 0x4852934: memmove (in /usr/libexec/valgrind/vgpreload_memcheck-amd64-linux.so)
==11673==    by 0x109345: data_dup (data.c:50)
==11673==    by 0x109667: tree_put (in /home/rodrigo/Documents/Projeto1/projeto1/binary/test_tree)
==11673==    by 0x10A261: testPutInexistente (test_tree.c:38)
==11673==    by 0x10AEBF: main (test_tree.c:270)
==11673==  Address 0x4a955b0 is 22 bytes after a block of size 10 alloc'd
==11673==    at 0x4848899: malloc (in /usr/libexec/valgrind/vgpreload_memcheck-amd64-linux.so)
==11673==    by 0x491260E: strdup (strdup.c:42)
==11673==    by 0x10A1F6: testPutInexistente (test_tree.c:36)
==11673==    by 0x10AEBF: main (test_tree.c:270)
==11673== 
==11673== 
==11673== 2048 errors in context 5 of 7:
==11673== Invalid read of size 8
==11673==    at 0x485294F: memmove (in /usr/libexec/valgrind/vgpreload_memcheck-amd64-linux.so)
==11673==    by 0x109345: data_dup (data.c:50)
==11673==    by 0x109667: tree_put (in /home/rodrigo/Documents/Projeto1/projeto1/binary/test_tree)
==11673==    by 0x10A261: testPutInexistente (test_tree.c:38)
==11673==    by 0x10AEBF: main (test_tree.c:270)
==11673==  Address 0x4a955a8 is 14 bytes after a block of size 10 alloc'd
==11673==    at 0x4848899: malloc (in /usr/libexec/valgrind/vgpreload_memcheck-amd64-linux.so)
==11673==    by 0x491260E: strdup (strdup.c:42)
==11673==    by 0x10A1F6: testPutInexistente (test_tree.c:36)
==11673==    by 0x10AEBF: main (test_tree.c:270)
==11673== 
==11673== 
==11673== 2048 errors in context 6 of 7:
==11673== Invalid read of size 8
==11673==    at 0x4852947: memmove (in /usr/libexec/valgrind/vgpreload_memcheck-amd64-linux.so)
==11673==    by 0x109345: data_dup (data.c:50)
==11673==    by 0x109667: tree_put (in /home/rodrigo/Documents/Projeto1/projeto1/binary/test_tree)
==11673==    by 0x10A261: testPutInexistente (test_tree.c:38)
==11673==    by 0x10AEBF: main (test_tree.c:270)
==11673==  Address 0x4a955a0 is 6 bytes after a block of size 10 alloc'd
==11673==    at 0x4848899: malloc (in /usr/libexec/valgrind/vgpreload_memcheck-amd64-linux.so)
==11673==    by 0x491260E: strdup (strdup.c:42)
==11673==    by 0x10A1F6: testPutInexistente (test_tree.c:36)
==11673==    by 0x10AEBF: main (test_tree.c:270)
==11673== 
==11673== ERROR SUMMARY: 8218 errors from 7 contexts (suppressed: 0 from 0)
